<?xml version="1.0" encoding="UTF-8" ?>
<testsuites errors="2"
            failures="3"
            tests="7">

  <testsuite name="000_adminLevelTest"
    errors="2" failures="3" hostname="" id="" package="000_adminLevelTest" skipped="4"
    tests="7" time="72.58" timestamp="Thu, 16 Jun 2016 20:42:29 GMT">
  
    <testcase name="C9 Admin User  Privileges" time="19.26" assertions="57">

    

    

    

    

    

    

    

    

    

    

    

    

      <failure message="Testing if element &lt;//*[@id=&quot;ng-view&quot;]/div[2]/div[1]/ul/li[1]/i&gt; is visible. Element could not be located.">    at Object.module.exports.C9 Admin User  Privileges (U:\git\c9portaluitests\tests\000_adminLevelTest.js:26:12)</failure>

    

    

    

    

    

    

    

    

    

    

    

    

    

    

    

    

    

    

    

    

    

    

    

    

    

    

    

    

    

    

    

    

    

    

    

    

    

    

    

    

    

    

    

    
    </testcase>
      <system-err>
        ERROR: Unable to locate element: &quot;//*[@id=&quot;ng-view&quot;]/div[2]/div[1]/ul/li[1]/i&quot; using: xpath
    at command (C:\Users\uonwudiwe\AppData\Roaming\npm\node_modules\nightwatch\lib\api\assertions\visible.js:42:21)
    at module.exports.BaseAssertion._scheduleAssertion (C:\Users\uonwudiwe\AppData\Roaming\npm\node_modules\nightwatch\lib\core\assertion.js:87:17)
    at module.exports.BaseAssertion._executeCommand (C:\Users\uonwudiwe\AppData\Roaming\npm\node_modules\nightwatch\lib\core\assertion.js:82:17)
    at AssertionInstance.commandFn [as _commandFn] (C:\Users\uonwudiwe\AppData\Roaming\npm\node_modules\nightwatch\lib\core\assertion.js:180:21)
    at AsyncTree.runCommand (C:\Users\uonwudiwe\AppData\Roaming\npm\node_modules\nightwatch\lib\core\queue.js:154:30)
    at AsyncTree.runChildNode (C:\Users\uonwudiwe\AppData\Roaming\npm\node_modules\nightwatch\lib\core\queue.js:114:8)
    at AsyncTree.walkDown (C:\Users\uonwudiwe\AppData\Roaming\npm\node_modules\nightwatch\lib\core\queue.js:80:10)
    at AsyncTree.walkUp (C:\Users\uonwudiwe\AppData\Roaming\npm\node_modules\nightwatch\lib\core\queue.js:97:8)
    at AsyncTree.walkDown (C:\Users\uonwudiwe\AppData\Roaming\npm\node_modules\nightwatch\lib\core\queue.js:90:12)
    at AsyncTree.traverse (C:\Users\uonwudiwe\AppData\Roaming\npm\node_modules\nightwatch\lib\core\queue.js:73:8)
ERROR: Unable to locate element: &quot;//*[@id=&quot;ng-view&quot;]/div[2]/div[1]/ul/li[2]/i&quot; using: xpath
    at command (C:\Users\uonwudiwe\AppData\Roaming\npm\node_modules\nightwatch\lib\api\assertions\visible.js:42:21)
    at module.exports.BaseAssertion._scheduleAssertion (C:\Users\uonwudiwe\AppData\Roaming\npm\node_modules\nightwatch\lib\core\assertion.js:87:17)
    at module.exports.BaseAssertion._executeCommand (C:\Users\uonwudiwe\AppData\Roaming\npm\node_modules\nightwatch\lib\core\assertion.js:82:17)
    at AssertionInstance.commandFn [as _commandFn] (C:\Users\uonwudiwe\AppData\Roaming\npm\node_modules\nightwatch\lib\core\assertion.js:180:21)
    at AsyncTree.runCommand (C:\Users\uonwudiwe\AppData\Roaming\npm\node_modules\nightwatch\lib\core\queue.js:154:30)
    at AsyncTree.runChildNode (C:\Users\uonwudiwe\AppData\Roaming\npm\node_modules\nightwatch\lib\core\queue.js:114:8)
    at AsyncTree.walkDown (C:\Users\uonwudiwe\AppData\Roaming\npm\node_modules\nightwatch\lib\core\queue.js:80:10)
    at AsyncTree.walkUp (C:\Users\uonwudiwe\AppData\Roaming\npm\node_modules\nightwatch\lib\core\queue.js:97:8)
    at AsyncTree.walkDown (C:\Users\uonwudiwe\AppData\Roaming\npm\node_modules\nightwatch\lib\core\queue.js:90:12)
    at AsyncTree.traverse (C:\Users\uonwudiwe\AppData\Roaming\npm\node_modules\nightwatch\lib\core\queue.js:73:8)
      </system-err>
  
    <testcase name="Non-admin Privileges - None" time="25.43" assertions="13">

    

    

    

    

    

    

    

    

    

    

    

      <failure message="Failed [equal]: (&#39;&#39; == &#39;Login failed, check your username and password and try again.&#39;)">    at Nightwatch.&lt;anonymous&gt; (U:\git\c9portaluitests\tests\000_adminLevelTest.js:125:22)</failure>

    
    </testcase>
      <system-err>
        ERROR: Unable to locate element: &quot;//*[@id=&quot;ng-view&quot;]/div[2]/div[1]/ul/li[1]/i&quot; using: xpath
    at command (C:\Users\uonwudiwe\AppData\Roaming\npm\node_modules\nightwatch\lib\api\assertions\visible.js:42:21)
    at module.exports.BaseAssertion._scheduleAssertion (C:\Users\uonwudiwe\AppData\Roaming\npm\node_modules\nightwatch\lib\core\assertion.js:87:17)
    at module.exports.BaseAssertion._executeCommand (C:\Users\uonwudiwe\AppData\Roaming\npm\node_modules\nightwatch\lib\core\assertion.js:82:17)
    at AssertionInstance.commandFn [as _commandFn] (C:\Users\uonwudiwe\AppData\Roaming\npm\node_modules\nightwatch\lib\core\assertion.js:180:21)
    at AsyncTree.runCommand (C:\Users\uonwudiwe\AppData\Roaming\npm\node_modules\nightwatch\lib\core\queue.js:154:30)
    at AsyncTree.runChildNode (C:\Users\uonwudiwe\AppData\Roaming\npm\node_modules\nightwatch\lib\core\queue.js:114:8)
    at AsyncTree.walkDown (C:\Users\uonwudiwe\AppData\Roaming\npm\node_modules\nightwatch\lib\core\queue.js:80:10)
    at AsyncTree.walkUp (C:\Users\uonwudiwe\AppData\Roaming\npm\node_modules\nightwatch\lib\core\queue.js:97:8)
    at AsyncTree.walkDown (C:\Users\uonwudiwe\AppData\Roaming\npm\node_modules\nightwatch\lib\core\queue.js:90:12)
    at AsyncTree.traverse (C:\Users\uonwudiwe\AppData\Roaming\npm\node_modules\nightwatch\lib\core\queue.js:73:8)
ERROR: Unable to locate element: &quot;//*[@id=&quot;ng-view&quot;]/div[2]/div[1]/ul/li[2]/i&quot; using: xpath
    at command (C:\Users\uonwudiwe\AppData\Roaming\npm\node_modules\nightwatch\lib\api\assertions\visible.js:42:21)
    at module.exports.BaseAssertion._scheduleAssertion (C:\Users\uonwudiwe\AppData\Roaming\npm\node_modules\nightwatch\lib\core\assertion.js:87:17)
    at module.exports.BaseAssertion._executeCommand (C:\Users\uonwudiwe\AppData\Roaming\npm\node_modules\nightwatch\lib\core\assertion.js:82:17)
    at AssertionInstance.commandFn [as _commandFn] (C:\Users\uonwudiwe\AppData\Roaming\npm\node_modules\nightwatch\lib\core\assertion.js:180:21)
    at AsyncTree.runCommand (C:\Users\uonwudiwe\AppData\Roaming\npm\node_modules\nightwatch\lib\core\queue.js:154:30)
    at AsyncTree.runChildNode (C:\Users\uonwudiwe\AppData\Roaming\npm\node_modules\nightwatch\lib\core\queue.js:114:8)
    at AsyncTree.walkDown (C:\Users\uonwudiwe\AppData\Roaming\npm\node_modules\nightwatch\lib\core\queue.js:80:10)
    at AsyncTree.walkUp (C:\Users\uonwudiwe\AppData\Roaming\npm\node_modules\nightwatch\lib\core\queue.js:97:8)
    at AsyncTree.walkDown (C:\Users\uonwudiwe\AppData\Roaming\npm\node_modules\nightwatch\lib\core\queue.js:90:12)
    at AsyncTree.traverse (C:\Users\uonwudiwe\AppData\Roaming\npm\node_modules\nightwatch\lib\core\queue.js:73:8)
      </system-err>
  
    <testcase name="Non-C9 Privileges - Firm Admin2" time="27.89" assertions="28">

    

    

    

    

    

    

    

    

    

    

    

    

    

    

    

    

    

    

    

    

      <failure message="Testing if element &lt;//*[@id=&quot;ng-view&quot;]/div[2]/div[1]/ul/li[2]/i&gt; is visible. Element could not be located.">    at Object.module.exports.Non-C9 Privileges - Firm Admin2 (U:\git\c9portaluitests\tests\000_adminLevelTest.js:170:12)</failure>

    

    

    

    

    

      <failure message="Expected element &lt;//*[@id=&quot;ng-view&quot;]/div[2]/div[1]/ul/li[6]/i&gt; to not be visible">    at Object.module.exports.Non-C9 Privileges - Firm Admin2 (U:\git\c9portaluitests\tests\000_adminLevelTest.js:176:21)</failure>

    
    </testcase>
      <system-err>
        ERROR: Unable to locate element: &quot;//*[@id=&quot;ng-view&quot;]/div[2]/div[1]/ul/li[1]/i&quot; using: xpath
    at command (C:\Users\uonwudiwe\AppData\Roaming\npm\node_modules\nightwatch\lib\api\assertions\visible.js:42:21)
    at module.exports.BaseAssertion._scheduleAssertion (C:\Users\uonwudiwe\AppData\Roaming\npm\node_modules\nightwatch\lib\core\assertion.js:87:17)
    at module.exports.BaseAssertion._executeCommand (C:\Users\uonwudiwe\AppData\Roaming\npm\node_modules\nightwatch\lib\core\assertion.js:82:17)
    at AssertionInstance.commandFn [as _commandFn] (C:\Users\uonwudiwe\AppData\Roaming\npm\node_modules\nightwatch\lib\core\assertion.js:180:21)
    at AsyncTree.runCommand (C:\Users\uonwudiwe\AppData\Roaming\npm\node_modules\nightwatch\lib\core\queue.js:154:30)
    at AsyncTree.runChildNode (C:\Users\uonwudiwe\AppData\Roaming\npm\node_modules\nightwatch\lib\core\queue.js:114:8)
    at AsyncTree.walkDown (C:\Users\uonwudiwe\AppData\Roaming\npm\node_modules\nightwatch\lib\core\queue.js:80:10)
    at AsyncTree.walkUp (C:\Users\uonwudiwe\AppData\Roaming\npm\node_modules\nightwatch\lib\core\queue.js:97:8)
    at AsyncTree.walkDown (C:\Users\uonwudiwe\AppData\Roaming\npm\node_modules\nightwatch\lib\core\queue.js:90:12)
    at AsyncTree.traverse (C:\Users\uonwudiwe\AppData\Roaming\npm\node_modules\nightwatch\lib\core\queue.js:73:8)
ERROR: Unable to locate element: &quot;//*[@id=&quot;ng-view&quot;]/div[2]/div[1]/ul/li[2]/i&quot; using: xpath
    at command (C:\Users\uonwudiwe\AppData\Roaming\npm\node_modules\nightwatch\lib\api\assertions\visible.js:42:21)
    at module.exports.BaseAssertion._scheduleAssertion (C:\Users\uonwudiwe\AppData\Roaming\npm\node_modules\nightwatch\lib\core\assertion.js:87:17)
    at module.exports.BaseAssertion._executeCommand (C:\Users\uonwudiwe\AppData\Roaming\npm\node_modules\nightwatch\lib\core\assertion.js:82:17)
    at AssertionInstance.commandFn [as _commandFn] (C:\Users\uonwudiwe\AppData\Roaming\npm\node_modules\nightwatch\lib\core\assertion.js:180:21)
    at AsyncTree.runCommand (C:\Users\uonwudiwe\AppData\Roaming\npm\node_modules\nightwatch\lib\core\queue.js:154:30)
    at AsyncTree.runChildNode (C:\Users\uonwudiwe\AppData\Roaming\npm\node_modules\nightwatch\lib\core\queue.js:114:8)
    at AsyncTree.walkDown (C:\Users\uonwudiwe\AppData\Roaming\npm\node_modules\nightwatch\lib\core\queue.js:80:10)
    at AsyncTree.walkUp (C:\Users\uonwudiwe\AppData\Roaming\npm\node_modules\nightwatch\lib\core\queue.js:97:8)
    at AsyncTree.walkDown (C:\Users\uonwudiwe\AppData\Roaming\npm\node_modules\nightwatch\lib\core\queue.js:90:12)
    at AsyncTree.traverse (C:\Users\uonwudiwe\AppData\Roaming\npm\node_modules\nightwatch\lib\core\queue.js:73:8)
      </system-err>
  
  
    
    <testcase
      name="Non-C9 Privileges - Firm Admin1">
      <skipped />
    </testcase>
    
    <testcase
      name="Non-C9 Privileges - Compliance">
      <skipped />
    </testcase>
    
    <testcase
      name="Non-C9 Privileges - Firm User3">
      <skipped />
    </testcase>
    
    <testcase
      name="Non-C9 Privileges - Sales">
      <skipped />
    </testcase>
    
  
  </testsuite>
</testsuites>
